Info: Nothing to build for HW_String
23:42:52 **** Rebuild of configuration Debug for project HW_String ****
Info: Internal Builder is used for build
gcc -O0 -g3 -Wall -c -fmessage-length=0 -o "src\\EX2.o" "..\\src\\EX2.c" 
..\src\EX2.c:13:6: warning: return type of 'main' is not 'int' [-Wmain]
 void main(){
      ^~~~
gcc -O0 -g3 -Wall -c -fmessage-length=0 -o "src\\HW_String.o" "..\\src\\HW_String.c" 
gcc -o HW_String.exe "src\\EX2.o" "src\\HW_String.o" 
23:43:50 **** Incremental Build of configuration Debug for project HW_String ****
Info: Internal Builder is used for build
gcc -O0 -g3 -Wall -c -fmessage-length=0 -o "src\\EX2.o" "..\\src\\EX2.c" 
..\src\EX2.c:13:6: warning: return type of 'main' is not 'int' [-Wmain]
 void main(){
      ^~~~
gcc -o HW_String.exe "src\\EX2.o" "src\\HW_String.o" 
23:44:36 **** Incremental Build of configuration Debug for project HW_String ****
Info: Internal Builder is used for build
gcc -O0 -g3 -Wall -c -fmessage-length=0 -o "src\\EX2.o" "..\\src\\EX2.c" 
..\src\EX2.c:13:6: warning: return type of 'main' is not 'int' [-Wmain]
 void main(){
      ^~~~
gcc -o HW_String.exe "src\\EX2.o" "src\\HW_String.o" 
23:45:20 **** Incremental Build of configuration Debug for project HW_String ****
Info: Internal Builder is used for build
gcc -O0 -g3 -Wall -c -fmessage-length=0 -o "src\\EX2.o" "..\\src\\EX2.c" 
..\src\EX2.c:13:6: warning: return type of 'main' is not 'int' [-Wmain]
 void main(){
      ^~~~
..\src\EX2.c: In function 'main':
..\src\EX2.c:19:16: warning: suggest parentheses around comparison in operand of '|' [-Wparentheses]
  for(int i=0; i<200 | s[i]!= 0 ;i++){
               ~^~~~
gcc -o HW_String.exe "src\\EX2.o" "src\\HW_String.o" 
23:48:22 **** Incremental Build of configuration Debug for project HW_String ****
Info: Internal Builder is used for build
gcc -O0 -g3 -Wall -c -fmessage-length=0 -o "src\\EX2.o" "..\\src\\EX2.c" 
..\src\EX2.c:13:6: warning: return type of 'main' is not 'int' [-Wmain]
 void main(){
      ^~~~
gcc -o HW_String.exe "src\\EX2.o" "src\\HW_String.o" 
23:59:57 **** Incremental Build of configuration Debug for project HW_String ****
Info: Internal Builder is used for build
gcc -O0 -g3 -Wall -c -fmessage-length=0 -o "src\\EX2.o" "..\\src\\EX2.c" 
gcc -O0 -g3 -Wall -c -fmessage-length=0 -o "src\\EX3.o" "..\\src\\EX3.c" 
..\src\EX3.c:11:6: warning: return type of 'main' is not 'int' [-Wmain]
 void main(){
      ^~~~
..\src\EX3.c: In function 'main':
..\src\EX3.c:17:14: warning: implicit declaration of function 'strlen' [-Wimplicit-function-declaration]
  for(int i = strlen(word);i>=0;i--){
              ^~~~~~
..\src\EX3.c:17:14: warning: incompatible implicit declaration of built-in function 'strlen'
..\src\EX3.c:17:14: note: include '<string.h>' or provide a declaration of 'strlen'
..\src\EX3.c:17:2: error: declaration of non-variable 'strlen' in 'for' loop initial declaration
  for(int i = strlen(word);i>=0;i--){
  ^~~
..\src\EX3.c:18:3: warning: implicit declaration of function 'print' [-Wimplicit-function-declaration]
   print("%c",word[i]);
   ^~~~~
00:01:46 **** Incremental Build of configuration Debug for project HW_String ****
Info: Internal Builder is used for build
gcc -O0 -g3 -Wall -c -fmessage-length=0 -o "src\\EX3.o" "..\\src\\EX3.c" 
..\src\EX3.c:11:6: warning: return type of 'main' is not 'int' [-Wmain]
 void main(){
      ^~~~
..\src\EX3.c: In function 'main':
..\src\EX3.c:16:9: warning: implicit declaration of function 'strlen' [-Wimplicit-function-declaration]
  int n =strlen(word);
         ^~~~~~
..\src\EX3.c:16:9: warning: incompatible implicit declaration of built-in function 'strlen'
..\src\EX3.c:16:9: note: include '<string.h>' or provide a declaration of 'strlen'
..\src\EX3.c:19:3: warning: implicit declaration of function 'print' [-Wimplicit-function-declaration]
   print("%c",word[i]);
   ^~~~~
gcc -o HW_String.exe "src\\EX2.o" "src\\EX3.o" "src\\HW_String.o" 
src\EX3.o: In function `main':
E:\Mastering_Embedded_Diploma\Mastering_Embeded_Systems_Deploma\C_Programming\C_Array_Strings\HW_String\Debug/../src/EX3.c:19: undefined reference to `print'
collect2.exe: error: ld returned 1 exit status
00:07:11 **** Incremental Build of configuration Debug for project HW_String ****
Info: Internal Builder is used for build
gcc -O0 -g3 -Wall -c -fmessage-length=0 -o "src\\EX3.o" "..\\src\\EX3.c" 
..\src\EX3.c:11:6: warning: return type of 'main' is not 'int' [-Wmain]
 void main(){
      ^~~~
..\src\EX3.c: In function 'main':
..\src\EX3.c:16:2: warning: implicit declaration of function 'strlen' [-Wimplicit-function-declaration]
  strlen(word);
  ^~~~~~
..\src\EX3.c:16:2: warning: incompatible implicit declaration of built-in function 'strlen'
..\src\EX3.c:16:2: note: include '<string.h>' or provide a declaration of 'strlen'
..\src\EX3.c:16:2: warning: statement with no effect [-Wunused-value]
  strlen(word);
  ^~~~~~~~~~~~
gcc -o HW_String.exe "src\\EX2.o" "src\\EX3.o" "src\\HW_String.o" 
00:08:20 **** Incremental Build of configuration Debug for project HW_String ****
Info: Internal Builder is used for build
gcc -O0 -g3 -Wall -c -fmessage-length=0 -o "src\\EX3.o" "..\\src\\EX3.c" 
..\src\EX3.c:11:6: warning: return type of 'main' is not 'int' [-Wmain]
 void main(){
      ^~~~
..\src\EX3.c: In function 'main':
..\src\EX3.c:16:2: warning: implicit declaration of function 'strlen' [-Wimplicit-function-declaration]
  strlen(word);
  ^~~~~~
..\src\EX3.c:16:2: warning: incompatible implicit declaration of built-in function 'strlen'
..\src\EX3.c:16:2: note: include '<string.h>' or provide a declaration of 'strlen'
..\src\EX3.c:16:2: warning: statement with no effect [-Wunused-value]
  strlen(word);
  ^~~~~~~~~~~~
gcc -o HW_String.exe "src\\EX2.o" "src\\EX3.o" "src\\HW_String.o" 
00:08:52 **** Incremental Build of configuration Debug for project HW_String ****
Info: Internal Builder is used for build
gcc -O0 -g3 -Wall -c -fmessage-length=0 -o "src\\EX3.o" "..\\src\\EX3.c" 
..\src\EX3.c:11:6: warning: return type of 'main' is not 'int' [-Wmain]
 void main(){
      ^~~~
..\src\EX3.c: In function 'main':
..\src\EX3.c:16:2: warning: implicit declaration of function 'strlen' [-Wimplicit-function-declaration]
  strlen(word);
  ^~~~~~
..\src\EX3.c:16:2: warning: incompatible implicit declaration of built-in function 'strlen'
..\src\EX3.c:16:2: note: include '<string.h>' or provide a declaration of 'strlen'
..\src\EX3.c:16:2: warning: statement with no effect [-Wunused-value]
  strlen(word);
  ^~~~~~~~~~~~
gcc -o HW_String.exe "src\\EX2.o" "src\\EX3.o" "src\\HW_String.o" 
00:09:13 **** Incremental Build of configuration Debug for project HW_String ****
Info: Internal Builder is used for build
gcc -O0 -g3 -Wall -c -fmessage-length=0 -o "src\\EX3.o" "..\\src\\EX3.c" 
..\src\EX3.c:11:6: warning: return type of 'main' is not 'int' [-Wmain]
 void main(){
      ^~~~
..\src\EX3.c: In function 'main':
..\src\EX3.c:17:14: warning: implicit declaration of function 'strlen' [-Wimplicit-function-declaration]
  for(int i = strlen(word)-1 ;i>=0;i--){
              ^~~~~~
..\src\EX3.c:17:14: warning: incompatible implicit declaration of built-in function 'strlen'
..\src\EX3.c:17:14: note: include '<string.h>' or provide a declaration of 'strlen'
..\src\EX3.c:17:2: error: declaration of non-variable 'strlen' in 'for' loop initial declaration
  for(int i = strlen(word)-1 ;i>=0;i--){
  ^~~
00:10:02 **** Incremental Build of configuration Debug for project HW_String ****
Info: Internal Builder is used for build
gcc -O0 -g3 -Wall -c -fmessage-length=0 -o "src\\EX3.o" "..\\src\\EX3.c" 
..\src\EX3.c:11:6: warning: return type of 'main' is not 'int' [-Wmain]
 void main(){
      ^~~~
..\src\EX3.c: In function 'main':
..\src\EX3.c:16:4: warning: implicit declaration of function 'strlen' [-Wimplicit-function-declaration]
  n=strlen(word)-1;
    ^~~~~~
..\src\EX3.c:16:4: warning: incompatible implicit declaration of built-in function 'strlen'
..\src\EX3.c:16:4: note: include '<string.h>' or provide a declaration of 'strlen'
gcc -o HW_String.exe "src\\EX2.o" "src\\EX3.o" "src\\HW_String.o" 
00:10:46 **** Incremental Build of configuration Debug for project HW_String ****
Info: Internal Builder is used for build
gcc -O0 -g3 -Wall -c -fmessage-length=0 -o "src\\EX3.o" "..\\src\\EX3.c" 
..\src\EX3.c:11:6: warning: return type of 'main' is not 'int' [-Wmain]
 void main(){
      ^~~~
..\src\EX3.c: In function 'main':
..\src\EX3.c:17:4: warning: implicit declaration of function 'strlen' [-Wimplicit-function-declaration]
  n=strlen(word)-1;
    ^~~~~~
..\src\EX3.c:17:4: warning: incompatible implicit declaration of built-in function 'strlen'
..\src\EX3.c:17:4: note: include '<string.h>' or provide a declaration of 'strlen'
gcc -o HW_String.exe "src\\EX2.o" "src\\EX3.o" "src\\HW_String.o" 
00:12:12 **** Incremental Build of configuration Debug for project HW_String ****
Info: Internal Builder is used for build
gcc -O0 -g3 -Wall -c -fmessage-length=0 -o "src\\EX3.o" "..\\src\\EX3.c" 
..\src\EX3.c:11:6: warning: return type of 'main' is not 'int' [-Wmain]
 void main(){
      ^~~~
..\src\EX3.c: In function 'main':
..\src\EX3.c:19:20: error: 'strlen' undeclared (first use in this function)
  for(int i = 0 ;i<=strlen;i++){
                    ^~~~~~
..\src\EX3.c:19:20: note: each undeclared identifier is reported only once for each function it appears in
..\src\EX3.c:20:20: warning: implicit declaration of function 'stlen' [-Wimplicit-function-declaration]
   printf("%c",word[stlen(word)-i]);
                    ^~~~~
00:12:59 **** Incremental Build of configuration Debug for project HW_String ****
Info: Internal Builder is used for build
gcc -O0 -g3 -Wall -c -fmessage-length=0 -o "src\\EX3.o" "..\\src\\EX3.c" 
..\src\EX3.c:12:6: warning: return type of 'main' is not 'int' [-Wmain]
 void main(){
      ^~~~
..\src\EX3.c: In function 'main':
..\src\EX3.c:20:18: warning: comparison between pointer and integer
  for(int i = 0 ;i<=strlen;i++){
                  ^~
..\src\EX3.c:21:20: warning: implicit declaration of function 'stlen' [-Wimplicit-function-declaration]
   printf("%c",word[stlen(word)-i]);
                    ^~~~~
gcc -o HW_String.exe "src\\EX2.o" "src\\EX3.o" "src\\HW_String.o" 
c:/mingw/bin/../lib/gcc/mingw32/6.3.0/../../../../mingw32/bin/ld.exe: cannot open output file HW_String.exe: Permission denied
collect2.exe: error: ld returned 1 exit status
00:13:19 **** Incremental Build of configuration Debug for project HW_String ****
Info: Internal Builder is used for build
gcc -o HW_String.exe "src\\EX2.o" "src\\EX3.o" "src\\HW_String.o" 
c:/mingw/bin/../lib/gcc/mingw32/6.3.0/../../../../mingw32/bin/ld.exe: cannot open output file HW_String.exe: Permission denied
collect2.exe: error: ld returned 1 exit status
00:13:38 **** Incremental Build of configuration Debug for project HW_String ****
Info: Internal Builder is used for build
gcc -O0 -g3 -Wall -c -fmessage-length=0 -o "src\\EX3.o" "..\\src\\EX3.c" 
..\src\EX3.c:12:6: warning: return type of 'main' is not 'int' [-Wmain]
 void main(){
      ^~~~
..\src\EX3.c: In function 'main':
..\src\EX3.c:20:18: warning: comparison between pointer and integer
  for(int i = 0 ;i<=strlen;i++){
                  ^~
..\src\EX3.c:21:20: warning: implicit declaration of function 'stlen' [-Wimplicit-function-declaration]
   printf("%c",word[stlen(word)-i]);
                    ^~~~~
gcc -o HW_String.exe "src\\EX2.o" "src\\EX3.o" "src\\HW_String.o" 
c:/mingw/bin/../lib/gcc/mingw32/6.3.0/../../../../mingw32/bin/ld.exe: cannot open output file HW_String.exe: Permission denied
collect2.exe: error: ld returned 1 exit status
00:14:16 **** Incremental Build of configuration Debug for project HW_String ****
Info: Internal Builder is used for build
gcc -o HW_String.exe "src\\EX2.o" "src\\EX3.o" "src\\HW_String.o" 
src\EX3.o: In function `main':
E:\Mastering_Embedded_Diploma\Mastering_Embeded_Systems_Deploma\C_Programming\C_Array_Strings\HW_String\Debug/../src/EX3.c:21: undefined reference to `stlen'
collect2.exe: error: ld returned 1 exit status
00:14:19 **** Incremental Build of configuration Debug for project HW_String ****
Info: Internal Builder is used for build
gcc -o HW_String.exe "src\\EX2.o" "src\\EX3.o" "src\\HW_String.o" 
src\EX3.o: In function `main':
E:\Mastering_Embedded_Diploma\Mastering_Embeded_Systems_Deploma\C_Programming\C_Array_Strings\HW_String\Debug/../src/EX3.c:21: undefined reference to `stlen'
collect2.exe: error: ld returned 1 exit status
00:14:36 **** Incremental Build of configuration Debug for project HW_String ****
Info: Internal Builder is used for build
gcc -O0 -g3 -Wall -c -fmessage-length=0 -o "src\\EX3.o" "..\\src\\EX3.c" 
..\src\EX3.c:12:6: warning: return type of 'main' is not 'int' [-Wmain]
 void main(){
      ^~~~
..\src\EX3.c: In function 'main':
..\src\EX3.c:20:18: warning: comparison between pointer and integer
  for(int i = 0 ;i<=strlen;i++){
                  ^~
gcc -o HW_String.exe "src\\EX2.o" "src\\EX3.o" "src\\HW_String.o" 
Info: Nothing to build for HW_String
00:15:07 **** Incremental Build of configuration Debug for project HW_String ****
Info: Internal Builder is used for build
gcc -O0 -g3 -Wall -c -fmessage-length=0 -o "src\\EX3.o" "..\\src\\EX3.c" 
..\src\EX3.c:12:6: warning: return type of 'main' is not 'int' [-Wmain]
 void main(){
      ^~~~
gcc -o HW_String.exe "src\\EX2.o" "src\\EX3.o" "src\\HW_String.o" 
00:15:31 **** Incremental Build of configuration Debug for project HW_String ****
Info: Internal Builder is used for build
gcc -O0 -g3 -Wall -c -fmessage-length=0 -o "src\\EX3.o" "..\\src\\EX3.c" 
..\src\EX3.c:12:6: warning: return type of 'main' is not 'int' [-Wmain]
 void main(){
      ^~~~
gcc -o HW_String.exe "src\\EX2.o" "src\\EX3.o" "src\\HW_String.o" 
Info: Nothing to build for HW_String
